{"/home/patri/holbertonschool-web_back_end/Node_JS_basic/0-console.js": {"path":"/home/patri/holbertonschool-web_back_end/Node_JS_basic/0-console.js","statementMap":{"0":{"start":{"line":2,"column":2},"end":{"line":2,"column":23}},"1":{"start":{"line":4,"column":0},"end":{"line":4,"column":32}}},"fnMap":{"0":{"name":"displayMessage","decl":{"start":{"line":1,"column":9},"end":{"line":1,"column":23}},"loc":{"start":{"line":1,"column":33},"end":{"line":3,"column":1}},"line":1}},"branchMap":{},"s":{"0":2,"1":2},"f":{"0":2},"b":{},"_coverageSchema":"1a1c01bbd47fc00a2c39e90264f33305004495a9","hash":"47a082a796b412d7a4855243ae5fefa8742c890d"}
}
